d:\uwb-school\343\assignments\treap-p3\debug\vc141.pdb
d:\uwb-school\343\assignments\treap-p3\debug\vc141.idb
d:\uwb-school\343\assignments\treap-p3\debug\bst.obj
d:\uwb-school\343\assignments\treap-p3\debug\bstdriver.obj
d:\uwb-school\343\assignments\debug\treap-p3.pdb
d:\uwb-school\343\assignments\treap-p3\debug\treap-p3.tlog\cl.command.1.tlog
d:\uwb-school\343\assignments\treap-p3\debug\treap-p3.tlog\cl.read.1.tlog
d:\uwb-school\343\assignments\treap-p3\debug\treap-p3.tlog\cl.write.1.tlog
d:\uwb-school\343\assignments\treap-p3\debug\treap-p3.tlog\link-cvtres.read.1.tlog
d:\uwb-school\343\assignments\treap-p3\debug\treap-p3.tlog\link-cvtres.write.1.tlog
d:\uwb-school\343\assignments\treap-p3\debug\treap-p3.tlog\link-rc.read.1.tlog
d:\uwb-school\343\assignments\treap-p3\debug\treap-p3.tlog\link-rc.write.1.tlog
d:\uwb-school\343\assignments\treap-p3\debug\treap-p3.tlog\link.11872-cvtres.read.1.tlog
d:\uwb-school\343\assignments\treap-p3\debug\treap-p3.tlog\link.11872-cvtres.write.1.tlog
d:\uwb-school\343\assignments\treap-p3\debug\treap-p3.tlog\link.11872-rc.read.1.tlog
d:\uwb-school\343\assignments\treap-p3\debug\treap-p3.tlog\link.11872-rc.write.1.tlog
d:\uwb-school\343\assignments\treap-p3\debug\treap-p3.tlog\link.11872.read.1.tlog
d:\uwb-school\343\assignments\treap-p3\debug\treap-p3.tlog\link.11872.write.1.tlog
d:\uwb-school\343\assignments\treap-p3\debug\treap-p3.tlog\link.command.1.tlog
d:\uwb-school\343\assignments\treap-p3\debug\treap-p3.tlog\link.read.1.tlog
d:\uwb-school\343\assignments\treap-p3\debug\treap-p3.tlog\link.write.1.tlog
